*** Starting uWSGI 2.0.27 (64bit) on [Sat Oct  5 01:15:23 2024] ***
compiled with version: 13.2.0 on 04 October 2024 20:08:56
os: Linux-6.8.0-45-generic #45-Ubuntu SMP PREEMPT_DYNAMIC Fri Aug 30 12:02:04 UTC 2024
nodename: 1
machine: x86_64
clock source: unix
pcre jit disabled
detected number of CPU cores: 8
current working directory: /home/laptop/Desktop/home/bash/sakoman
detected binary path: /home/laptop/Desktop/home/bash/env/bin/uwsgi
*** WARNING: you are running uWSGI without its master process manager ***
your processes number limit is 30386
your memory page size is 4096 bytes
detected max file descriptor number: 1048576
lock engine: pthread robust mutexes
thunder lock: disabled (you can enable it with --thunder-lock)
probably another instance of uWSGI is running on the same address (:8000).
bind(): Address already in use [core/socket.c line 769]
*** Starting uWSGI 2.0.27 (64bit) on [Sat Oct  5 01:15:29 2024] ***
compiled with version: 13.2.0 on 04 October 2024 20:08:56
os: Linux-6.8.0-45-generic #45-Ubuntu SMP PREEMPT_DYNAMIC Fri Aug 30 12:02:04 UTC 2024
nodename: 1
machine: x86_64
clock source: unix
pcre jit disabled
detected number of CPU cores: 8
current working directory: /home/laptop/Desktop/home/bash/sakoman
detected binary path: /home/laptop/Desktop/home/bash/env/bin/uwsgi
*** WARNING: you are running uWSGI without its master process manager ***
your processes number limit is 30386
your memory page size is 4096 bytes
detected max file descriptor number: 1048576
lock engine: pthread robust mutexes
thunder lock: disabled (you can enable it with --thunder-lock)
probably another instance of uWSGI is running on the same address (:8000).
bind(): Address already in use [core/socket.c line 769]
